[debug] [2022-06-03T07:26:23.582Z] ----------------------------------------------------------------------
[debug] [2022-06-03T07:26:23.584Z] Command:       /home/rybenshot/.nvm/versions/node/v14.16.1/bin/node /home/rybenshot/.nvm/versions/node/v14.16.1/bin/firebase init
[debug] [2022-06-03T07:26:23.584Z] CLI Version:   9.16.2
[debug] [2022-06-03T07:26:23.584Z] Platform:      linux
[debug] [2022-06-03T07:26:23.584Z] Node Version:  v14.16.1
[debug] [2022-06-03T07:26:23.585Z] Time:          Fri Jun 03 2022 09:26:23 GMT+0200 (Central European Summer Time)
[debug] [2022-06-03T07:26:23.585Z] ----------------------------------------------------------------------
[debug] 
[debug] [2022-06-03T07:26:23.588Z] >>> [apiv2][query] GET https://firebase-public.firebaseio.com/cli.json [none]
[debug] [2022-06-03T07:26:23.610Z] > command requires scopes: ["email","openid","https://www.googleapis.com/auth/cloudplatformprojects.readonly","https://www.googleapis.com/auth/firebase","https://www.googleapis.com/auth/cloud-platform"]
[debug] [2022-06-03T07:26:23.610Z] > authorizing via signed-in user (xperiust@gmail.com)
[info] 
     ######## #### ########  ######## ########     ###     ######  ########
     ##        ##  ##     ## ##       ##     ##  ##   ##  ##       ##
     ######    ##  ########  ######   ########  #########  ######  ######
     ##        ##  ##    ##  ##       ##     ## ##     ##       ## ##
     ##       #### ##     ## ######## ########  ##     ##  ######  ########

You're about to initialize a Firebase project in this directory:

  /mnt/c/Users/usuario/3- 2022/3 El tiempo/EltiempoSebastian-V2.0/el-tiempo-sebastian

Before we get started, keep in mind:

  * You are currently outside your home directory

[debug] [2022-06-03T07:26:24.094Z] <<< [apiv2][status] GET https://firebase-public.firebaseio.com/cli.json 200
[debug] [2022-06-03T07:26:24.095Z] <<< [apiv2][body] GET https://firebase-public.firebaseio.com/cli.json {"cloudBuildErrorAfter":1594252800000,"cloudBuildWarnAfter":1590019200000,"defaultNode10After":1594252800000,"minVersion":"3.0.5","node8DeploysDisabledAfter":1613390400000,"node8RuntimeDisabledAfter":1615809600000,"node8WarnAfter":1600128000000}
[info] 
=== Project Setup
[info] 
[info] First, let's associate this project directory with a Firebase project.
[info] You can create multiple project aliases by running firebase use --add, 
[info] but for now we'll just set up a default project.
[info] 
[debug] [2022-06-03T07:28:25.427Z] > refreshing access token with scopes: []
[debug] [2022-06-03T07:28:25.431Z] >>> HTTP REQUEST POST https://www.googleapis.com/oauth2/v3/token  
 <request body omitted>
[debug] [2022-06-03T07:28:25.613Z] <<< HTTP RESPONSE 400 {"expires":"Mon, 01 Jan 1990 00:00:00 GMT","pragma":"no-cache","date":"Fri, 03 Jun 2022 07:28:24 GMT","cache-control":"no-cache, no-store, max-age=0, must-revalidate","content-type":"application/json; charset=utf-8","vary":"X-Origin, Referer, Origin,Accept-Encoding","server":"scaffolding on HTTPServer2","x-xss-protection":"0","x-frame-options":"SAMEORIGIN","x-content-type-options":"nosniff","alt-svc":"h3=\":443\"; ma=2592000,h3-29=\":443\"; ma=2592000,h3-Q050=\":443\"; ma=2592000,h3-Q046=\":443\"; ma=2592000,h3-Q043=\":443\"; ma=2592000,quic=\":443\"; ma=2592000; v=\"46,43\"","accept-ranges":"none","transfer-encoding":"chunked"}
[debug] [2022-06-03T07:28:25.620Z] >>> [apiv2][query] GET https://firebase.googleapis.com/v1beta1/projects pageSize=100
[debug] [2022-06-03T07:28:25.786Z] <<< [apiv2][status] GET https://firebase.googleapis.com/v1beta1/projects 401
[debug] [2022-06-03T07:28:25.787Z] <<< [apiv2][body] GET https://firebase.googleapis.com/v1beta1/projects [omitted]
[debug] [2022-06-03T07:28:25.788Z] HTTP Error: 401, Request had invalid authentication credentials. Expected OAuth 2 access token, login cookie or other valid authentication credential. See https://developers.google.com/identity/sign-in/web/devconsole-project.
[debug] [2022-06-03T07:28:25.926Z] FirebaseError: HTTP Error: 401, Request had invalid authentication credentials. Expected OAuth 2 access token, login cookie or other valid authentication credential. See https://developers.google.com/identity/sign-in/web/devconsole-project.
    at module.exports (/home/rybenshot/.nvm/versions/node/v14.16.1/lib/node_modules/firebase-tools/lib/responseToError.js:38:12)
    at Client.doRequest (/home/rybenshot/.nvm/versions/node/v14.16.1/lib/node_modules/firebase-tools/lib/apiv2.js:238:23)
    at processTicksAndRejections (internal/process/task_queues.js:93:5)
    at async Client.request (/home/rybenshot/.nvm/versions/node/v14.16.1/lib/node_modules/firebase-tools/lib/apiv2.js:96:20)
    at async getProjectPage (/home/rybenshot/.nvm/versions/node/v14.16.1/lib/node_modules/firebase-tools/lib/management/projects.js:233:17)
    at async getFirebaseProjectPage (/home/rybenshot/.nvm/versions/node/v14.16.1/lib/node_modules/firebase-tools/lib/management/projects.js:250:23)
    at async selectProjectInteractively (/home/rybenshot/.nvm/versions/node/v14.16.1/lib/node_modules/firebase-tools/lib/management/projects.js:95:41)
    at async Object.doSetup [as project] (/home/rybenshot/.nvm/versions/node/v14.16.1/lib/node_modules/firebase-tools/lib/init/features/project.js:87:27)
    at async init (/home/rybenshot/.nvm/versions/node/v14.16.1/lib/node_modules/firebase-tools/lib/init/index.js:19:9)
[error] 
[error] Error: Failed to list Firebase projects. See firebase-debug.log for more info.
